<?xml version="1.0" encoding="UTF-8"?>
<testng-results skipped="0" failed="0" total="1" passed="1">
  <reporter-output>
  </reporter-output>
  <suite name="Default suite" duration-ms="79" started-at="2016-03-03T01:16:27Z" finished-at="2016-03-03T01:16:28Z">
    <groups>
    </groups>
    <test name="Default test" duration-ms="79" started-at="2016-03-03T01:16:27Z" finished-at="2016-03-03T01:16:28Z">
      <class name="parsertest.annotationsectiontest.TestInputAnnotationSection">
        <test-method status="PASS" signature="testSimpleInput()[pri:0, instance:parsertest.annotationsectiontest.TestInputAnnotationSection@246ae04d]" name="testSimpleInput" duration-ms="62" started-at="2016-03-03T09:16:27Z" finished-at="2016-03-03T09:16:28Z">
          <reporter-output>
          </reporter-output>
        </test-method> <!-- testSimpleInput -->
      </class> <!-- parsertest.annotationsectiontest.TestInputAnnotationSection -->
    </test> <!-- Default test -->
  </suite> <!-- Default suite -->
</testng-results>
